2017-03-22 08:44
File data/p49_0.5_100.result already exists
File data/p49_0.5_90.result already exists
File data/p49_0.5_80.result already exists
File data/p49_0.5_70.result already exists
File data/p49_0.5_60.result already exists
File data/p49_0.5_50.result already exists
File data/p49_0.4_100.result already exists
File data/p49_0.4_90.result already exists
File data/p49_0.4_80.result already exists
File data/p49_0.4_70.result already exists
File data/p15_0.4_100.result already exists
File data/p15_0.4_90.result already exists
File data/p15_0.4_80.result already exists
File data/p15_0.4_70.result already exists
File data/p15_0.4_60.result already exists
File data/p15_0.4_50.result already exists
File data/p15_0.3_100.result already exists
File data/p15_0.3_90.result already exists
File data/p15_0.3_80.result already exists
File data/p15_0.3_70.result already exists
File data/p15_0.3_60.result already exists
File data/p15_0.3_50.result already exists
File data/p15_0.2_100.result already exists
File data/p15_0.2_90.result already exists
File data/p15_0.2_80.result already exists
File data/p15_0.2_70.result already exists
File data/p15_0.2_60.result already exists
File data/p15_0.2_50.result already exists
File data/p15_0.1_100.result already exists
File data/p15_0.1_90.result already exists
File data/p15_0.1_80.result already exists
File data/p15_0.1_70.result already exists
File data/p15_0.1_60.result already exists
File data/p15_0.1_50.result already exists
File data/p14_0.5_100.result already exists
File data/p14_0.5_90.result already exists
File data/p14_0.5_80.result already exists
File data/p14_0.5_70.result already exists
File data/p14_0.5_60.result already exists
File data/p14_0.5_50.result already exists
File data/p14_0.4_100.result already exists
File data/p14_0.4_90.result already exists
File data/p14_0.4_80.result already exists
File data/p14_0.4_70.result already exists
File data/p14_0.4_60.result already exists
File data/p14_0.4_50.result already exists
File data/p14_0.3_100.result already exists
File data/p14_0.3_90.result already exists
File data/p14_0.3_80.result already exists
File data/p14_0.3_70.result already exists
File data/p14_0.3_60.result already exists
File data/p14_0.3_50.result already exists
File data/p14_0.2_100.result already exists
File data/p14_0.2_90.result already exists
File data/p14_0.2_80.result already exists
File data/p14_0.2_70.result already exists
File data/p14_0.2_60.result already exists
File data/p14_0.2_50.result already exists
File data/p14_0.1_100.result already exists
File data/p14_0.1_90.result already exists
File data/p14_0.1_80.result already exists
File data/p14_0.1_70.result already exists
File data/p14_0.1_60.result already exists
File data/p14_0.1_50.result already exists
File data/p13_0.5_100.result already exists
File data/p13_0.5_90.result already exists
File data/p13_0.5_80.result already exists
File data/p13_0.5_70.result already exists
File data/p13_0.5_60.result already exists
File data/p13_0.5_50.result already exists
File data/p13_0.4_100.result already exists
File data/p13_0.4_90.result already exists
File data/p13_0.4_80.result already exists
File data/p13_0.4_70.result already exists
File data/p13_0.4_60.result already exists
File data/p13_0.4_50.result already exists
File data/p13_0.3_100.result already exists
File data/p13_0.3_90.result already exists
File data/p13_0.3_80.result already exists
File data/p13_0.3_70.result already exists
File data/p13_0.3_60.result already exists
File data/p13_0.3_50.result already exists
File data/p13_0.2_100.result already exists
File data/p13_0.2_90.result already exists
File data/p13_0.2_80.result already exists
File data/p13_0.2_70.result already exists
File data/p13_0.2_60.result already exists
File data/p13_0.2_50.result already exists
File data/p13_0.1_100.result already exists
File data/p13_0.1_90.result already exists
File data/p13_0.1_80.result already exists
File data/p13_0.1_70.result already exists
File data/p13_0.1_60.result already exists
File data/p13_0.1_50.result already exists
File data/p12_0.5_100.result already exists
File data/p12_0.5_90.result already exists
File data/p12_0.5_80.result already exists
File data/p12_0.5_70.result already exists
File data/p12_0.5_60.result already exists
File data/p12_0.5_50.result already exists
File data/p12_0.4_100.result already exists
File data/p12_0.4_90.result already exists
File data/p12_0.4_80.result already exists
File data/p12_0.4_70.result already exists
File data/p12_0.4_60.result already exists
File data/p12_0.4_50.result already exists
File data/p12_0.3_100.result already exists
File data/p12_0.3_90.result already exists
File data/p12_0.3_80.result already exists
File data/p12_0.3_70.result already exists
File data/p12_0.3_60.result already exists
File data/p12_0.3_50.result already exists
File data/p12_0.2_100.result already exists
File data/p12_0.2_90.result already exists
File data/p12_0.2_80.result already exists
File data/p12_0.2_70.result already exists
File data/p12_0.2_60.result already exists
File data/p12_0.2_50.result already exists
File data/p12_0.1_100.result already exists
File data/p12_0.1_90.result already exists
File data/p12_0.1_80.result already exists
File data/p12_0.1_70.result already exists
File data/p12_0.1_60.result already exists
File data/p12_0.1_50.result already exists
File data/p11_0.5_100.result already exists
File data/p11_0.5_90.result already exists
File data/p11_0.5_80.result already exists
File data/p11_0.5_70.result already exists
File data/p11_0.5_60.result already exists
File data/p11_0.5_50.result already exists
File data/p11_0.4_100.result already exists
File data/p11_0.4_90.result already exists
File data/p11_0.4_80.result already exists
File data/p11_0.4_70.result already exists
File data/p11_0.4_60.result already exists
File data/p11_0.4_50.result already exists
File data/p11_0.3_100.result already exists
File data/p11_0.3_90.result already exists
File data/p11_0.3_80.result already exists
File data/p11_0.3_70.result already exists
File data/p11_0.3_60.result already exists
File data/p11_0.3_50.result already exists
File data/p11_0.2_100.result already exists
File data/p11_0.2_90.result already exists
File data/p11_0.2_80.result already exists
File data/p11_0.2_70.result already exists
File data/p11_0.2_60.result already exists
File data/p11_0.2_50.result already exists
File data/p11_0.1_100.result already exists
File data/p11_0.1_90.result already exists
File data/p11_0.1_80.result already exists
File data/p11_0.1_70.result already exists
File data/p11_0.1_60.result already exists
File data/p11_0.1_50.result already exists
File data/p10_0.5_100.result already exists
File data/p10_0.5_90.result already exists
File data/p10_0.5_80.result already exists
File data/p10_0.5_70.result already exists
File data/p10_0.5_60.result already exists
File data/p10_0.5_50.result already exists
File data/p10_0.4_100.result already exists
File data/p10_0.4_90.result already exists
File data/p10_0.4_80.result already exists
File data/p10_0.4_70.result already exists
File data/p10_0.4_60.result already exists
File data/p10_0.4_50.result already exists
File data/p10_0.3_100.result already exists
File data/p10_0.3_90.result already exists
File data/p10_0.3_80.result already exists
File data/p10_0.3_70.result already exists
File data/p10_0.3_60.result already exists
File data/p10_0.3_50.result already exists
File data/p10_0.2_100.result already exists
File data/p10_0.2_90.result already exists
File data/p10_0.2_80.result already exists
File data/p10_0.2_70.result already exists
File data/p10_0.2_60.result already exists
File data/p10_0.2_50.result already exists
File data/p10_0.1_100.result already exists
File data/p10_0.1_90.result already exists
File data/p10_0.1_80.result already exists
File data/p10_0.1_70.result already exists
File data/p10_0.1_60.result already exists
File data/p10_0.1_50.result already exists
File data/p9_0.5_100.result already exists
File data/p9_0.5_90.result already exists
File data/p9_0.5_80.result already exists
File data/p9_0.5_70.result already exists
File data/p9_0.5_60.result already exists
File data/p9_0.5_50.result already exists
File data/p9_0.4_100.result already exists
File data/p9_0.4_90.result already exists
File data/p9_0.4_80.result already exists
File data/p9_0.4_70.result already exists
File data/p9_0.4_60.result already exists
File data/p9_0.4_50.result already exists
File data/p9_0.3_100.result already exists
File data/p9_0.3_90.result already exists
File data/p9_0.3_80.result already exists
File data/p9_0.3_70.result already exists
File data/p9_0.3_60.result already exists
File data/p9_0.3_50.result already exists
File data/p9_0.2_100.result already exists
File data/p9_0.2_90.result already exists
File data/p9_0.2_80.result already exists
File data/p9_0.2_70.result already exists
File data/p9_0.2_60.result already exists
File data/p9_0.2_50.result already exists
File data/p9_0.1_100.result already exists
File data/p9_0.1_90.result already exists
File data/p9_0.1_80.result already exists
File data/p9_0.1_70.result already exists
File data/p9_0.1_60.result already exists
File data/p9_0.1_50.result already exists
File data/p8_0.5_100.result already exists
File data/p8_0.5_90.result already exists
File data/p8_0.5_80.result already exists
File data/p8_0.5_70.result already exists
File data/p8_0.5_60.result already exists
File data/p8_0.5_50.result already exists
File data/p8_0.4_100.result already exists
File data/p8_0.4_90.result already exists
File data/p8_0.4_80.result already exists
File data/p8_0.4_70.result already exists
File data/p8_0.4_60.result already exists
File data/p8_0.4_50.result already exists
File data/p8_0.3_100.result already exists
File data/p8_0.3_90.result already exists
File data/p8_0.3_80.result already exists
File data/p8_0.3_70.result already exists
File data/p8_0.3_60.result already exists
File data/p8_0.3_50.result already exists
File data/p8_0.2_100.result already exists
File data/p8_0.2_90.result already exists
File data/p8_0.2_80.result already exists
File data/p8_0.2_70.result already exists
File data/p8_0.2_60.result already exists
File data/p8_0.2_50.result already exists
File data/p8_0.1_100.result already exists
File data/p8_0.1_90.result already exists
File data/p8_0.1_80.result already exists
File data/p8_0.1_70.result already exists
File data/p8_0.1_60.result already exists
File data/p8_0.1_50.result already exists
File data/p7_0.5_100.result already exists
File data/p7_0.5_90.result already exists
File data/p7_0.5_80.result already exists
File data/p7_0.5_70.result already exists
File data/p7_0.5_60.result already exists
File data/p7_0.5_50.result already exists
File data/p7_0.4_100.result already exists
File data/p7_0.4_90.result already exists
File data/p7_0.4_80.result already exists
File data/p7_0.4_70.result already exists
File data/p7_0.4_60.result already exists
File data/p7_0.4_50.result already exists
File data/p7_0.3_100.result already exists
File data/p7_0.3_90.result already exists
File data/p7_0.3_80.result already exists
File data/p7_0.3_70.result already exists
File data/p7_0.3_60.result already exists
File data/p7_0.3_50.result already exists
File data/p7_0.2_100.result already exists
File data/p7_0.2_90.result already exists
File data/p7_0.2_80.result already exists
File data/p7_0.2_70.result already exists
File data/p7_0.2_60.result already exists
File data/p7_0.2_50.result already exists
File data/p7_0.1_100.result already exists
File data/p7_0.1_90.result already exists
File data/p7_0.1_80.result already exists
File data/p7_0.1_70.result already exists
File data/p7_0.1_60.result already exists
File data/p7_0.1_50.result already exists
File data/p6_0.5_100.result already exists
File data/p6_0.5_90.result already exists
File data/p6_0.5_80.result already exists
File data/p6_0.5_70.result already exists
File data/p6_0.5_60.result already exists
File data/p6_0.5_50.result already exists
File data/p6_0.4_100.result already exists
File data/p6_0.4_90.result already exists
File data/p6_0.4_80.result already exists
File data/p6_0.4_70.result already exists
File data/p6_0.4_60.result already exists
File data/p6_0.4_50.result already exists
File data/p6_0.3_100.result already exists
File data/p6_0.3_90.result already exists
File data/p6_0.3_80.result already exists
File data/p6_0.3_70.result already exists
File data/p6_0.3_60.result already exists
File data/p6_0.3_50.result already exists
File data/p6_0.2_100.result already exists
File data/p6_0.2_90.result already exists
File data/p6_0.2_80.result already exists
File data/p6_0.2_70.result already exists
File data/p6_0.2_60.result already exists
File data/p6_0.2_50.result already exists
File data/p6_0.1_100.result already exists
File data/p6_0.1_90.result already exists
File data/p6_0.1_80.result already exists
File data/p6_0.1_70.result already exists
File data/p6_0.1_60.result already exists
File data/p6_0.1_50.result already exists
File data/p5_0.5_100.result already exists
File data/p5_0.5_90.result already exists
File data/p5_0.5_80.result already exists
File data/p5_0.5_70.result already exists
File data/p5_0.5_60.result already exists
File data/p5_0.5_50.result already exists
File data/p5_0.4_100.result already exists
File data/p5_0.4_90.result already exists
File data/p5_0.4_80.result already exists
File data/p5_0.4_70.result already exists
File data/p5_0.4_60.result already exists
File data/p5_0.4_50.result already exists
File data/p5_0.3_100.result already exists
File data/p5_0.3_90.result already exists
File data/p5_0.3_80.result already exists
File data/p5_0.3_70.result already exists
File data/p5_0.3_60.result already exists
File data/p5_0.3_50.result already exists
File data/p5_0.2_100.result already exists
File data/p5_0.2_90.result already exists
File data/p5_0.2_80.result already exists
File data/p5_0.2_70.result already exists
File data/p5_0.2_60.result already exists
File data/p5_0.2_50.result already exists
File data/p5_0.1_100.result already exists
File data/p5_0.1_90.result already exists
File data/p5_0.1_80.result already exists
File data/p5_0.1_70.result already exists
File data/p5_0.1_60.result already exists
File data/p5_0.1_50.result already exists
File data/p4_0.5_100.result already exists
File data/p4_0.5_90.result already exists
File data/p4_0.5_80.result already exists
File data/p4_0.5_70.result already exists
File data/p4_0.5_60.result already exists
File data/p4_0.5_50.result already exists
File data/p4_0.4_100.result already exists
File data/p4_0.4_90.result already exists
File data/p4_0.4_80.result already exists
File data/p4_0.4_70.result already exists
File data/p4_0.4_60.result already exists
File data/p4_0.4_50.result already exists
File data/p4_0.3_100.result already exists
File data/p4_0.3_90.result already exists
File data/p4_0.3_80.result already exists
File data/p4_0.3_70.result already exists
File data/p4_0.3_60.result already exists
File data/p4_0.3_50.result already exists
File data/p4_0.2_100.result already exists
File data/p4_0.2_90.result already exists
File data/p4_0.2_80.result already exists
File data/p4_0.2_70.result already exists
File data/p4_0.2_60.result already exists
File data/p4_0.2_50.result already exists
File data/p4_0.1_100.result already exists
File data/p4_0.1_90.result already exists
File data/p4_0.1_80.result already exists
File data/p4_0.1_70.result already exists
File data/p4_0.1_60.result already exists
File data/p4_0.1_50.result already exists
File data/p3_0.5_100.result already exists
File data/p3_0.5_90.result already exists
File data/p3_0.5_80.result already exists
File data/p3_0.5_70.result already exists
File data/p3_0.5_60.result already exists
File data/p3_0.5_50.result already exists
File data/p3_0.4_100.result already exists
File data/p3_0.4_90.result already exists
File data/p3_0.4_80.result already exists
File data/p3_0.4_70.result already exists
File data/p3_0.4_60.result already exists
File data/p3_0.4_50.result already exists
File data/p3_0.3_100.result already exists
File data/p3_0.3_90.result already exists
File data/p3_0.3_80.result already exists
File data/p3_0.3_70.result already exists
File data/p3_0.3_60.result already exists
File data/p3_0.3_50.result already exists
File data/p3_0.2_100.result already exists
File data/p3_0.2_90.result already exists
File data/p3_0.2_80.result already exists
File data/p3_0.2_70.result already exists
File data/p3_0.2_60.result already exists
File data/p3_0.2_50.result already exists
File data/p3_0.1_100.result already exists
File data/p3_0.1_90.result already exists
File data/p3_0.1_80.result already exists
File data/p3_0.1_70.result already exists
File data/p3_0.1_60.result already exists
File data/p3_0.1_50.result already exists
File data/p2_0.5_100.result already exists
File data/p2_0.5_90.result already exists
File data/p2_0.5_80.result already exists
File data/p2_0.5_70.result already exists
File data/p2_0.5_60.result already exists
File data/p2_0.5_50.result already exists
File data/p2_0.4_100.result already exists
File data/p2_0.4_90.result already exists
File data/p2_0.4_80.result already exists
File data/p2_0.4_70.result already exists
File data/p2_0.4_60.result already exists
File data/p2_0.4_50.result already exists
File data/p2_0.3_100.result already exists
File data/p2_0.3_90.result already exists
File data/p2_0.3_80.result already exists
File data/p2_0.3_70.result already exists
File data/p2_0.3_60.result already exists
File data/p2_0.3_50.result already exists
File data/p2_0.2_100.result already exists
File data/p2_0.2_90.result already exists
File data/p2_0.2_80.result already exists
File data/p2_0.2_70.result already exists
File data/p2_0.2_60.result already exists
File data/p2_0.2_50.result already exists
File data/p2_0.1_100.result already exists
File data/p2_0.1_90.result already exists
File data/p2_0.1_80.result already exists
File data/p2_0.1_70.result already exists
File data/p2_0.1_60.result already exists
File data/p2_0.1_50.result already exists
File data/p1_0.5_100.result already exists
File data/p1_0.5_90.result already exists
File data/p1_0.5_80.result already exists
File data/p1_0.5_70.result already exists
File data/p1_0.5_60.result already exists
File data/p1_0.5_50.result already exists
File data/p1_0.4_100.result already exists
File data/p1_0.4_90.result already exists
File data/p1_0.4_80.result already exists
File data/p1_0.4_70.result already exists
File data/p1_0.4_60.result already exists
File data/p1_0.4_50.result already exists
File data/p1_0.3_100.result already exists
File data/p1_0.3_90.result already exists
File data/p1_0.3_80.result already exists
File data/p1_0.3_70.result already exists
File data/p1_0.3_60.result already exists
File data/p1_0.3_50.result already exists
File data/p1_0.2_100.result already exists
File data/p1_0.2_90.result already exists
File data/p1_0.2_80.result already exists
File data/p1_0.2_70.result already exists
File data/p1_0.2_60.result already exists
File data/p1_0.2_50.result already exists
File data/p1_0.1_100.result already exists
File data/p1_0.1_90.result already exists
File data/p1_0.1_80.result already exists
File data/p1_0.1_70.result already exists
File data/p1_0.1_60.result already exists
File data/p1_0.1_50.result already exists
File data/p0_0.5_100.result already exists
File data/p0_0.5_90.result already exists
File data/p0_0.5_80.result already exists
File data/p0_0.5_70.result already exists
File data/p0_0.5_60.result already exists
File data/p0_0.5_50.result already exists
File data/p0_0.4_100.result already exists
File data/p0_0.4_90.result already exists
File data/p0_0.4_80.result already exists
File data/p0_0.4_70.result already exists
File data/p0_0.4_60.result already exists
File data/p0_0.4_50.result already exists
File data/p0_0.3_100.result already exists
File data/p0_0.3_90.result already exists
File data/p0_0.3_80.result already exists
File data/p0_0.3_70.result already exists
File data/p0_0.3_60.result already exists
File data/p0_0.3_50.result already exists
File data/p0_0.2_100.result already exists
File data/p0_0.2_90.result already exists
File data/p0_0.2_80.result already exists
File data/p0_0.2_70.result already exists
File data/p0_0.2_60.result already exists
File data/p0_0.2_50.result already exists
File data/p0_0.1_100.result already exists
File data/p0_0.1_90.result already exists
File data/p0_0.1_80.result already exists
File data/p0_0.1_70.result already exists
File data/p0_0.1_60.result already exists
File data/p0_0.1_50.result already exists
Processing data/p49_0.4_60.model
Processing data/p49_0.4_50.model
Processing data/p49_0.3_100.model
Processing data/p49_0.3_90.model
Processing data/p49_0.3_80.model
Processing data/p49_0.3_70.model
Processing data/p49_0.3_60.model
Processing data/p49_0.3_50.model
Processing data/p49_0.2_100.model
Processing data/p49_0.2_90.model
Processing data/p15_0.5_50.model
Processing data/p15_0.5_60.model
Processing data/p15_0.5_70.model
Processing data/p15_0.5_80.model
Processing data/p15_0.5_90.model
Processing data/p15_0.5_100.model
Processing data/p16_0.1_50.model
Processing data/p16_0.1_60.model
Processing data/p16_0.1_70.model
Processing data/p16_0.1_80.model
Processing data/p16_0.1_90.model
Processing data/p16_0.1_100.model
Processing data/p16_0.2_50.model
Processing data/p16_0.2_60.model
Processing data/p16_0.2_70.model
Processing data/p16_0.2_80.model
Processing data/p16_0.2_90.model
Processing data/p16_0.2_100.model
Processing data/p16_0.3_50.model
Processing data/p16_0.3_60.model
Processing data/p16_0.3_70.model
Processing data/p16_0.3_80.model
Processing data/p16_0.3_90.model
Processing data/p16_0.3_100.model
Processing data/p16_0.4_50.model
Processing data/p16_0.4_60.model
Processing data/p16_0.4_70.model
Processing data/p16_0.4_80.model
Processing data/p16_0.4_90.model
Processing data/p16_0.4_100.model
Processing data/p16_0.5_50.model
Processing data/p16_0.5_60.model
Processing data/p16_0.5_70.model
Processing data/p16_0.5_80.model
Processing data/p16_0.5_90.model
Processing data/p16_0.5_100.model
Processing data/p17_0.1_50.model
Processing data/p17_0.1_60.model
Processing data/p17_0.1_70.model
Processing data/p17_0.1_80.model
Processing data/p17_0.1_90.model
Processing data/p17_0.1_100.model
Processing data/p17_0.2_50.model
Processing data/p17_0.2_60.model
Processing data/p17_0.2_70.model
Processing data/p17_0.2_80.model
Processing data/p17_0.2_90.model
Processing data/p17_0.2_100.model
Processing data/p17_0.3_50.model
Processing data/p17_0.3_60.model
Processing data/p17_0.3_70.model
Processing data/p17_0.3_80.model
Processing data/p17_0.3_90.model
Processing data/p17_0.3_100.model
Processing data/p17_0.4_50.model
Processing data/p17_0.4_60.model
Processing data/p17_0.4_70.model
Processing data/p17_0.4_80.model
Processing data/p17_0.4_90.model
Processing data/p17_0.4_100.model
Processing data/p17_0.5_50.model
Processing data/p17_0.5_60.model
Processing data/p17_0.5_70.model
Processing data/p17_0.5_80.model
Processing data/p17_0.5_90.model
Processing data/p17_0.5_100.model
Processing data/p18_0.1_50.model
Processing data/p18_0.1_60.model
Processing data/p18_0.1_70.model
Processing data/p18_0.1_80.model
Processing data/p18_0.1_90.model
Processing data/p18_0.1_100.model
Processing data/p18_0.2_50.model
Processing data/p18_0.2_60.model
Processing data/p18_0.2_70.model
Processing data/p18_0.2_80.model
Processing data/p18_0.2_90.model
Processing data/p18_0.2_100.model
Processing data/p18_0.3_50.model
Processing data/p18_0.3_60.model
Processing data/p18_0.3_70.model
Processing data/p18_0.3_80.model
Processing data/p18_0.3_90.model
Processing data/p18_0.3_100.model
Processing data/p18_0.4_50.model
Processing data/p18_0.4_60.model
Processing data/p18_0.4_70.model
Processing data/p18_0.4_80.model
Processing data/p18_0.4_90.model
Processing data/p18_0.4_100.model
Processing data/p18_0.5_50.model
Processing data/p18_0.5_60.model
Processing data/p18_0.5_70.model
Processing data/p18_0.5_80.model
Processing data/p18_0.5_90.model
Processing data/p18_0.5_100.model
Processing data/p19_0.1_50.model
Processing data/p19_0.1_60.model
Processing data/p19_0.1_70.model
Processing data/p19_0.1_80.model
Processing data/p19_0.1_90.model
Processing data/p19_0.1_100.model
Processing data/p19_0.2_50.model
Processing data/p19_0.2_60.model
Processing data/p19_0.2_70.model
Processing data/p19_0.2_80.model
Processing data/p19_0.2_90.model
Processing data/p19_0.2_100.model
Processing data/p19_0.3_50.model
Processing data/p19_0.3_60.model
Processing data/p19_0.3_70.model
Processing data/p19_0.3_80.model
Processing data/p19_0.3_90.model
Processing data/p19_0.3_100.model
Processing data/p19_0.4_50.model
Processing data/p19_0.4_60.model
Processing data/p19_0.4_70.model
Processing data/p19_0.4_80.model
Processing data/p19_0.4_90.model
Processing data/p19_0.4_100.model
Processing data/p19_0.5_50.model
Processing data/p19_0.5_60.model
Processing data/p19_0.5_70.model
Processing data/p19_0.5_80.model
Processing data/p19_0.5_90.model
Processing data/p19_0.5_100.model
Processing data/p20_0.1_50.model
Processing data/p20_0.1_60.model
Processing data/p20_0.1_70.model
Processing data/p20_0.1_80.model
Processing data/p20_0.1_90.model
Processing data/p20_0.1_100.model
Processing data/p20_0.2_50.model
Processing data/p20_0.2_60.model
Processing data/p20_0.2_70.model
Processing data/p20_0.2_80.model
Processing data/p20_0.2_90.model
Processing data/p20_0.2_100.model
Processing data/p20_0.3_50.model
Processing data/p20_0.3_60.model
Processing data/p20_0.3_70.model
Processing data/p20_0.3_80.model
Processing data/p20_0.3_90.model
Processing data/p20_0.3_100.model
Processing data/p20_0.4_50.model
Processing data/p20_0.4_60.model
Processing data/p20_0.4_70.model
Processing data/p20_0.4_80.model
Processing data/p20_0.4_90.model
Processing data/p20_0.4_100.model
Processing data/p20_0.5_50.model
Processing data/p20_0.5_60.model
Processing data/p20_0.5_70.model
Processing data/p20_0.5_80.model
Processing data/p20_0.5_90.model
Processing data/p20_0.5_100.model
Processing data/p21_0.1_50.model
Processing data/p21_0.1_60.model
Processing data/p21_0.1_70.model
Processing data/p21_0.1_80.model
Processing data/p21_0.1_90.model
Processing data/p21_0.1_100.model
Processing data/p21_0.2_50.model
Processing data/p21_0.2_60.model
Processing data/p21_0.2_70.model
Processing data/p21_0.2_80.model
Processing data/p21_0.2_90.model
Processing data/p21_0.2_100.model
Processing data/p21_0.3_50.model
Processing data/p21_0.3_60.model
Processing data/p21_0.3_70.model
Processing data/p21_0.3_80.model
Processing data/p21_0.3_90.model
Processing data/p21_0.3_100.model
Processing data/p21_0.4_50.model
Processing data/p21_0.4_60.model
Processing data/p21_0.4_70.model
Processing data/p21_0.4_80.model
Processing data/p21_0.4_90.model
Processing data/p21_0.4_100.model
Processing data/p21_0.5_50.model
Processing data/p21_0.5_60.model
Processing data/p21_0.5_70.model
Processing data/p21_0.5_80.model
Processing data/p21_0.5_90.model
Processing data/p21_0.5_100.model
Processing data/p22_0.1_50.model
Processing data/p22_0.1_60.model
Processing data/p22_0.1_70.model
Processing data/p22_0.1_80.model
Processing data/p22_0.1_90.model
Processing data/p22_0.1_100.model
Processing data/p22_0.2_50.model
Processing data/p22_0.2_60.model
Processing data/p22_0.2_70.model
Processing data/p22_0.2_80.model
Processing data/p22_0.2_90.model
Processing data/p22_0.2_100.model
Processing data/p22_0.3_50.model
Processing data/p22_0.3_60.model
Processing data/p22_0.3_70.model
Processing data/p22_0.3_80.model
Processing data/p22_0.3_90.model
Processing data/p22_0.3_100.model
Processing data/p22_0.4_50.model
Processing data/p22_0.4_60.model
Processing data/p22_0.4_70.model
Processing data/p22_0.4_80.model
Processing data/p22_0.4_90.model
Processing data/p22_0.4_100.model
Processing data/p22_0.5_50.model
Processing data/p22_0.5_60.model
Processing data/p22_0.5_70.model
Processing data/p22_0.5_80.model
Processing data/p22_0.5_90.model
Processing data/p22_0.5_100.model
Processing data/p23_0.1_50.model
Processing data/p23_0.1_60.model
Processing data/p23_0.1_70.model
Processing data/p23_0.1_80.model
Processing data/p23_0.1_90.model
Processing data/p23_0.1_100.model
Processing data/p23_0.2_50.model
Processing data/p23_0.2_60.model
Processing data/p23_0.2_70.model
Processing data/p23_0.2_80.model
Processing data/p23_0.2_90.model
Processing data/p23_0.2_100.model
Processing data/p23_0.3_50.model
Processing data/p23_0.3_60.model
Processing data/p23_0.3_70.model
Processing data/p23_0.3_80.model
Processing data/p23_0.3_90.model
Processing data/p23_0.3_100.model
Processing data/p23_0.4_50.model
Processing data/p23_0.4_60.model
Processing data/p23_0.4_70.model
Processing data/p23_0.4_80.model
Processing data/p23_0.4_90.model
Processing data/p23_0.4_100.model
Processing data/p23_0.5_50.model
Processing data/p23_0.5_60.model
Processing data/p23_0.5_70.model
Processing data/p23_0.5_80.model
Processing data/p23_0.5_90.model
Processing data/p23_0.5_100.model
Processing data/p24_0.1_50.model
Processing data/p24_0.1_60.model
Processing data/p24_0.1_70.model
Processing data/p24_0.1_80.model
Processing data/p24_0.1_90.model
Processing data/p24_0.1_100.model
Processing data/p24_0.2_50.model
Processing data/p24_0.2_60.model
Processing data/p24_0.2_70.model
Processing data/p24_0.2_80.model
Processing data/p24_0.2_90.model
Processing data/p24_0.2_100.model
Processing data/p24_0.3_50.model
Processing data/p24_0.3_60.model
Processing data/p24_0.3_70.model
Processing data/p24_0.3_80.model
Processing data/p24_0.3_90.model
Processing data/p24_0.3_100.model
Processing data/p24_0.4_50.model
Processing data/p24_0.4_60.model
Processing data/p24_0.4_70.model
Processing data/p24_0.4_80.model
Processing data/p24_0.4_90.model
Processing data/p24_0.4_100.model
Processing data/p24_0.5_50.model
Processing data/p24_0.5_60.model
Processing data/p24_0.5_70.model
Processing data/p24_0.5_80.model
Processing data/p24_0.5_90.model
Processing data/p24_0.5_100.model
Processing data/p25_0.1_50.model
Processing data/p25_0.1_60.model
Processing data/p25_0.1_70.model
Processing data/p25_0.1_80.model
Processing data/p25_0.1_90.model
Processing data/p25_0.1_100.model
Processing data/p25_0.2_50.model
Processing data/p25_0.2_60.model
Processing data/p25_0.2_70.model
Processing data/p25_0.2_80.model
Processing data/p25_0.2_90.model
Processing data/p25_0.2_100.model
Processing data/p25_0.3_50.model
Processing data/p25_0.3_60.model
Processing data/p25_0.3_70.model
Processing data/p25_0.3_80.model
Processing data/p25_0.3_90.model
Processing data/p25_0.3_100.model
Processing data/p25_0.4_50.model
Processing data/p25_0.4_60.model
Processing data/p25_0.4_70.model
Processing data/p25_0.4_80.model
Processing data/p25_0.4_90.model
Processing data/p25_0.4_100.model
Processing data/p25_0.5_50.model
Processing data/p25_0.5_60.model
Processing data/p25_0.5_70.model
Processing data/p25_0.5_80.model
Processing data/p25_0.5_90.model
Processing data/p25_0.5_100.model
Processing data/p26_0.1_50.model
Processing data/p26_0.1_60.model
Processing data/p26_0.1_70.model
Processing data/p26_0.1_80.model
Processing data/p26_0.1_90.model
Processing data/p26_0.1_100.model
Processing data/p26_0.2_50.model
Processing data/p26_0.2_60.model
Processing data/p26_0.2_70.model
Processing data/p26_0.2_80.model
Processing data/p26_0.2_90.model
Processing data/p26_0.2_100.model
Processing data/p26_0.3_50.model
Processing data/p26_0.3_60.model
Processing data/p26_0.3_70.model
Processing data/p26_0.3_80.model
Processing data/p26_0.3_90.model
Processing data/p26_0.3_100.model
Processing data/p26_0.4_50.model
Processing data/p26_0.4_60.model
Processing data/p26_0.4_70.model
Processing data/p26_0.4_80.model
Processing data/p26_0.4_90.model
Processing data/p26_0.4_100.model
Processing data/p26_0.5_50.model
Processing data/p26_0.5_60.model
Processing data/p26_0.5_70.model
Processing data/p26_0.5_80.model
Processing data/p26_0.5_90.model
Processing data/p26_0.5_100.model
Processing data/p27_0.1_50.model
Processing data/p27_0.1_60.model
Processing data/p27_0.1_70.model
Processing data/p27_0.1_80.model
Processing data/p27_0.1_90.model
Processing data/p27_0.1_100.model
Processing data/p27_0.2_50.model
Processing data/p27_0.2_60.model
Processing data/p27_0.2_70.model
Processing data/p27_0.2_80.model
Processing data/p27_0.2_90.model
Processing data/p27_0.2_100.model
Processing data/p27_0.3_50.model
Processing data/p27_0.3_60.model
Processing data/p27_0.3_70.model
Processing data/p27_0.3_80.model
Processing data/p27_0.3_90.model
Processing data/p27_0.3_100.model
Processing data/p27_0.4_50.model
Processing data/p27_0.4_60.model
Processing data/p27_0.4_70.model
Processing data/p27_0.4_80.model
Processing data/p27_0.4_90.model
srun: Job step aborted: Waiting up to 32 seconds for job step to finish.
srun: got SIGCONT
slurmstepd-zx81: error: *** JOB 20933 ON zx81 CANCELLED AT 2017-03-24T01:09:07 ***
srun: forcing job termination
slurmstepd-zx81: error: *** STEP 20933.1 ON zx81 CANCELLED AT 2017-03-24T01:09:07 ***
