2017-11-23 11:16
File data2/p49_0.5_3_40_q1.result already exists
File data2/p49_0.5_3_30_q1.result already exists
File data2/p49_0.5_3_20_q1.result already exists
File data2/p49_0.4_3_40_q1.result already exists
File data2/p49_0.4_3_30_q1.result already exists
File data2/p49_0.4_3_20_q1.result already exists
File data2/p49_0.3_3_40_q1.result already exists
File data2/p49_0.3_3_30_q1.result already exists
File data2/p49_0.3_3_20_q1.result already exists
File data2/p49_0.2_3_40_q1.result already exists
File data2/p49_0.2_3_30_q1.result already exists
File data2/p49_0.2_3_20_q1.result already exists
File data2/p49_0.1_3_40_q1.result already exists
File data2/p49_0.1_3_30_q1.result already exists
File data2/p49_0.1_3_20_q1.result already exists
File data2/p48_0.5_3_40_q1.result already exists
File data2/p48_0.5_3_30_q1.result already exists
File data2/p48_0.5_3_20_q1.result already exists
File data2/p48_0.4_3_40_q1.result already exists
File data2/p48_0.4_3_30_q1.result already exists
File data2/p48_0.4_3_20_q1.result already exists
File data2/p48_0.3_3_40_q1.result already exists
File data2/p48_0.3_3_30_q1.result already exists
File data2/p48_0.3_3_20_q1.result already exists
File data2/p48_0.2_3_40_q1.result already exists
File data2/p29_0.5_3_20_q1.result already exists
File data2/p29_0.4_3_40_q1.result already exists
File data2/p29_0.4_3_30_q1.result already exists
File data2/p29_0.4_3_20_q1.result already exists
File data2/p29_0.3_3_40_q1.result already exists
File data2/p29_0.3_3_30_q1.result already exists
File data2/p29_0.3_3_20_q1.result already exists
File data2/p29_0.2_3_40_q1.result already exists
File data2/p29_0.2_3_30_q1.result already exists
File data2/p29_0.2_3_20_q1.result already exists
File data2/p29_0.1_3_40_q1.result already exists
File data2/p29_0.1_3_30_q1.result already exists
File data2/p29_0.1_3_20_q1.result already exists
File data2/p28_0.5_3_40_q1.result already exists
File data2/p28_0.5_3_30_q1.result already exists
File data2/p28_0.5_3_20_q1.result already exists
File data2/p28_0.4_3_40_q1.result already exists
File data2/p28_0.4_3_30_q1.result already exists
File data2/p28_0.4_3_20_q1.result already exists
File data2/p28_0.3_3_40_q1.result already exists
File data2/p28_0.3_3_30_q1.result already exists
File data2/p28_0.3_3_20_q1.result already exists
File data2/p28_0.2_3_40_q1.result already exists
File data2/p28_0.2_3_30_q1.result already exists
File data2/p28_0.2_3_20_q1.result already exists
File data2/p28_0.1_3_40_q1.result already exists
File data2/p28_0.1_3_30_q1.result already exists
File data2/p28_0.1_3_20_q1.result already exists
File data2/p27_0.5_3_40_q1.result already exists
File data2/p27_0.5_3_30_q1.result already exists
File data2/p27_0.5_3_20_q1.result already exists
File data2/p27_0.4_3_40_q1.result already exists
File data2/p27_0.4_3_30_q1.result already exists
File data2/p27_0.4_3_20_q1.result already exists
File data2/p27_0.3_3_40_q1.result already exists
File data2/p27_0.3_3_30_q1.result already exists
File data2/p27_0.3_3_20_q1.result already exists
File data2/p27_0.2_3_40_q1.result already exists
File data2/p27_0.2_3_30_q1.result already exists
File data2/p27_0.2_3_20_q1.result already exists
File data2/p27_0.1_3_40_q1.result already exists
File data2/p27_0.1_3_30_q1.result already exists
File data2/p27_0.1_3_20_q1.result already exists
File data2/p26_0.5_3_40_q1.result already exists
File data2/p26_0.5_3_30_q1.result already exists
File data2/p26_0.5_3_20_q1.result already exists
File data2/p26_0.4_3_40_q1.result already exists
File data2/p26_0.4_3_30_q1.result already exists
File data2/p26_0.4_3_20_q1.result already exists
File data2/p26_0.3_3_40_q1.result already exists
File data2/p26_0.3_3_30_q1.result already exists
File data2/p26_0.3_3_20_q1.result already exists
File data2/p26_0.2_3_40_q1.result already exists
File data2/p26_0.2_3_30_q1.result already exists
File data2/p26_0.2_3_20_q1.result already exists
File data2/p26_0.1_3_40_q1.result already exists
File data2/p26_0.1_3_30_q1.result already exists
File data2/p26_0.1_3_20_q1.result already exists
File data2/p25_0.5_3_40_q1.result already exists
File data2/p25_0.5_3_30_q1.result already exists
File data2/p25_0.5_3_20_q1.result already exists
File data2/p25_0.4_3_40_q1.result already exists
File data2/p25_0.4_3_30_q1.result already exists
File data2/p25_0.4_3_20_q1.result already exists
File data2/p25_0.3_3_40_q1.result already exists
File data2/p25_0.3_3_30_q1.result already exists
File data2/p25_0.3_3_20_q1.result already exists
File data2/p25_0.2_3_40_q1.result already exists
File data2/p25_0.2_3_30_q1.result already exists
File data2/p25_0.2_3_20_q1.result already exists
File data2/p25_0.1_3_40_q1.result already exists
File data2/p25_0.1_3_30_q1.result already exists
File data2/p25_0.1_3_20_q1.result already exists
File data2/p24_0.5_3_40_q1.result already exists
File data2/p24_0.5_3_30_q1.result already exists
File data2/p24_0.5_3_20_q1.result already exists
File data2/p24_0.4_3_40_q1.result already exists
File data2/p24_0.4_3_30_q1.result already exists
File data2/p24_0.4_3_20_q1.result already exists
File data2/p24_0.3_3_40_q1.result already exists
File data2/p24_0.3_3_30_q1.result already exists
File data2/p24_0.3_3_20_q1.result already exists
File data2/p24_0.2_3_40_q1.result already exists
File data2/p24_0.2_3_30_q1.result already exists
File data2/p24_0.2_3_20_q1.result already exists
File data2/p24_0.1_3_40_q1.result already exists
File data2/p24_0.1_3_30_q1.result already exists
File data2/p24_0.1_3_20_q1.result already exists
File data2/p23_0.5_3_40_q1.result already exists
File data2/p23_0.5_3_30_q1.result already exists
File data2/p23_0.5_3_20_q1.result already exists
File data2/p23_0.4_3_40_q1.result already exists
File data2/p23_0.4_3_30_q1.result already exists
File data2/p23_0.4_3_20_q1.result already exists
File data2/p23_0.3_3_40_q1.result already exists
File data2/p23_0.3_3_30_q1.result already exists
File data2/p23_0.3_3_20_q1.result already exists
File data2/p23_0.2_3_40_q1.result already exists
File data2/p23_0.2_3_30_q1.result already exists
File data2/p23_0.2_3_20_q1.result already exists
File data2/p23_0.1_3_40_q1.result already exists
File data2/p23_0.1_3_30_q1.result already exists
File data2/p23_0.1_3_20_q1.result already exists
File data2/p22_0.5_3_40_q1.result already exists
File data2/p22_0.5_3_30_q1.result already exists
File data2/p22_0.5_3_20_q1.result already exists
File data2/p22_0.4_3_40_q1.result already exists
File data2/p22_0.4_3_30_q1.result already exists
File data2/p22_0.4_3_20_q1.result already exists
File data2/p22_0.3_3_40_q1.result already exists
File data2/p22_0.3_3_30_q1.result already exists
File data2/p22_0.3_3_20_q1.result already exists
File data2/p22_0.2_3_40_q1.result already exists
File data2/p22_0.2_3_30_q1.result already exists
File data2/p22_0.2_3_20_q1.result already exists
File data2/p22_0.1_3_40_q1.result already exists
File data2/p22_0.1_3_30_q1.result already exists
File data2/p22_0.1_3_20_q1.result already exists
File data2/p21_0.5_3_40_q1.result already exists
File data2/p21_0.5_3_30_q1.result already exists
File data2/p21_0.5_3_20_q1.result already exists
File data2/p21_0.4_3_40_q1.result already exists
File data2/p21_0.4_3_30_q1.result already exists
File data2/p21_0.4_3_20_q1.result already exists
File data2/p21_0.3_3_40_q1.result already exists
File data2/p21_0.3_3_30_q1.result already exists
File data2/p21_0.3_3_20_q1.result already exists
File data2/p21_0.2_3_40_q1.result already exists
File data2/p21_0.2_3_30_q1.result already exists
File data2/p21_0.2_3_20_q1.result already exists
File data2/p21_0.1_3_40_q1.result already exists
File data2/p21_0.1_3_30_q1.result already exists
File data2/p21_0.1_3_20_q1.result already exists
File data2/p20_0.5_3_40_q1.result already exists
File data2/p20_0.5_3_30_q1.result already exists
File data2/p20_0.5_3_20_q1.result already exists
File data2/p20_0.4_3_40_q1.result already exists
File data2/p20_0.4_3_30_q1.result already exists
File data2/p20_0.4_3_20_q1.result already exists
File data2/p20_0.3_3_40_q1.result already exists
File data2/p20_0.3_3_30_q1.result already exists
File data2/p20_0.3_3_20_q1.result already exists
File data2/p20_0.2_3_40_q1.result already exists
File data2/p20_0.2_3_30_q1.result already exists
File data2/p20_0.2_3_20_q1.result already exists
File data2/p20_0.1_3_40_q1.result already exists
File data2/p20_0.1_3_30_q1.result already exists
File data2/p20_0.1_3_20_q1.result already exists
File data2/p19_0.5_3_40_q1.result already exists
File data2/p19_0.5_3_30_q1.result already exists
File data2/p19_0.5_3_20_q1.result already exists
File data2/p19_0.4_3_40_q1.result already exists
File data2/p19_0.4_3_30_q1.result already exists
File data2/p19_0.4_3_20_q1.result already exists
File data2/p19_0.3_3_40_q1.result already exists
File data2/p19_0.3_3_30_q1.result already exists
File data2/p19_0.3_3_20_q1.result already exists
File data2/p19_0.2_3_40_q1.result already exists
File data2/p19_0.2_3_30_q1.result already exists
File data2/p19_0.2_3_20_q1.result already exists
File data2/p19_0.1_3_40_q1.result already exists
File data2/p19_0.1_3_30_q1.result already exists
File data2/p19_0.1_3_20_q1.result already exists
File data2/p18_0.5_3_40_q1.result already exists
File data2/p18_0.5_3_30_q1.result already exists
File data2/p18_0.5_3_20_q1.result already exists
File data2/p18_0.4_3_40_q1.result already exists
File data2/p18_0.4_3_30_q1.result already exists
File data2/p18_0.4_3_20_q1.result already exists
File data2/p18_0.3_3_40_q1.result already exists
File data2/p18_0.3_3_30_q1.result already exists
File data2/p18_0.3_3_20_q1.result already exists
File data2/p18_0.2_3_40_q1.result already exists
File data2/p18_0.2_3_30_q1.result already exists
File data2/p18_0.2_3_20_q1.result already exists
File data2/p18_0.1_3_40_q1.result already exists
File data2/p18_0.1_3_30_q1.result already exists
File data2/p18_0.1_3_20_q1.result already exists
File data2/p17_0.5_3_40_q1.result already exists
File data2/p17_0.5_3_30_q1.result already exists
File data2/p17_0.5_3_20_q1.result already exists
File data2/p17_0.4_3_40_q1.result already exists
File data2/p17_0.4_3_30_q1.result already exists
File data2/p17_0.4_3_20_q1.result already exists
File data2/p17_0.3_3_40_q1.result already exists
File data2/p17_0.3_3_30_q1.result already exists
File data2/p17_0.3_3_20_q1.result already exists
File data2/p17_0.2_3_40_q1.result already exists
File data2/p17_0.2_3_30_q1.result already exists
File data2/p17_0.2_3_20_q1.result already exists
File data2/p17_0.1_3_40_q1.result already exists
File data2/p17_0.1_3_30_q1.result already exists
File data2/p17_0.1_3_20_q1.result already exists
File data2/p16_0.5_3_40_q1.result already exists
File data2/p16_0.5_3_30_q1.result already exists
File data2/p16_0.5_3_20_q1.result already exists
File data2/p16_0.4_3_40_q1.result already exists
File data2/p16_0.4_3_30_q1.result already exists
File data2/p16_0.4_3_20_q1.result already exists
File data2/p16_0.3_3_40_q1.result already exists
File data2/p16_0.3_3_30_q1.result already exists
File data2/p16_0.3_3_20_q1.result already exists
File data2/p16_0.2_3_40_q1.result already exists
File data2/p16_0.2_3_30_q1.result already exists
File data2/p16_0.2_3_20_q1.result already exists
File data2/p16_0.1_3_40_q1.result already exists
File data2/p16_0.1_3_30_q1.result already exists
File data2/p16_0.1_3_20_q1.result already exists
File data2/p15_0.5_3_40_q1.result already exists
File data2/p15_0.5_3_30_q1.result already exists
File data2/p15_0.5_3_20_q1.result already exists
File data2/p15_0.4_3_40_q1.result already exists
File data2/p15_0.4_3_30_q1.result already exists
File data2/p15_0.4_3_20_q1.result already exists
File data2/p15_0.3_3_40_q1.result already exists
File data2/p15_0.3_3_30_q1.result already exists
File data2/p15_0.3_3_20_q1.result already exists
File data2/p15_0.2_3_40_q1.result already exists
File data2/p15_0.2_3_30_q1.result already exists
File data2/p15_0.2_3_20_q1.result already exists
File data2/p15_0.1_3_40_q1.result already exists
File data2/p15_0.1_3_30_q1.result already exists
File data2/p15_0.1_3_20_q1.result already exists
File data2/p14_0.5_3_40_q1.result already exists
File data2/p14_0.5_3_30_q1.result already exists
File data2/p14_0.5_3_20_q1.result already exists
File data2/p14_0.4_3_40_q1.result already exists
File data2/p14_0.4_3_30_q1.result already exists
File data2/p14_0.4_3_20_q1.result already exists
File data2/p14_0.3_3_40_q1.result already exists
File data2/p14_0.3_3_30_q1.result already exists
File data2/p14_0.3_3_20_q1.result already exists
File data2/p14_0.2_3_40_q1.result already exists
File data2/p14_0.2_3_30_q1.result already exists
File data2/p14_0.2_3_20_q1.result already exists
File data2/p14_0.1_3_40_q1.result already exists
File data2/p14_0.1_3_30_q1.result already exists
File data2/p14_0.1_3_20_q1.result already exists
File data2/p13_0.5_3_40_q1.result already exists
File data2/p13_0.5_3_30_q1.result already exists
File data2/p13_0.5_3_20_q1.result already exists
File data2/p13_0.4_3_40_q1.result already exists
File data2/p13_0.4_3_30_q1.result already exists
File data2/p13_0.4_3_20_q1.result already exists
File data2/p13_0.3_3_40_q1.result already exists
File data2/p13_0.3_3_30_q1.result already exists
File data2/p13_0.3_3_20_q1.result already exists
File data2/p13_0.2_3_40_q1.result already exists
File data2/p13_0.2_3_30_q1.result already exists
File data2/p13_0.2_3_20_q1.result already exists
File data2/p13_0.1_3_40_q1.result already exists
File data2/p13_0.1_3_30_q1.result already exists
File data2/p13_0.1_3_20_q1.result already exists
File data2/p12_0.5_3_40_q1.result already exists
File data2/p12_0.5_3_30_q1.result already exists
File data2/p12_0.5_3_20_q1.result already exists
File data2/p12_0.4_3_40_q1.result already exists
File data2/p12_0.4_3_30_q1.result already exists
File data2/p12_0.4_3_20_q1.result already exists
File data2/p12_0.3_3_40_q1.result already exists
File data2/p12_0.3_3_30_q1.result already exists
File data2/p12_0.3_3_20_q1.result already exists
File data2/p12_0.2_3_40_q1.result already exists
File data2/p12_0.2_3_30_q1.result already exists
File data2/p12_0.2_3_20_q1.result already exists
File data2/p12_0.1_3_40_q1.result already exists
File data2/p12_0.1_3_30_q1.result already exists
File data2/p12_0.1_3_20_q1.result already exists
File data2/p11_0.5_3_40_q1.result already exists
File data2/p11_0.5_3_30_q1.result already exists
File data2/p11_0.5_3_20_q1.result already exists
File data2/p11_0.4_3_40_q1.result already exists
File data2/p11_0.4_3_30_q1.result already exists
File data2/p11_0.4_3_20_q1.result already exists
File data2/p11_0.3_3_40_q1.result already exists
File data2/p11_0.3_3_30_q1.result already exists
File data2/p11_0.3_3_20_q1.result already exists
File data2/p11_0.2_3_40_q1.result already exists
File data2/p11_0.2_3_30_q1.result already exists
File data2/p11_0.2_3_20_q1.result already exists
File data2/p11_0.1_3_40_q1.result already exists
File data2/p11_0.1_3_30_q1.result already exists
File data2/p11_0.1_3_20_q1.result already exists
File data2/p10_0.5_3_40_q1.result already exists
File data2/p10_0.5_3_30_q1.result already exists
File data2/p10_0.5_3_20_q1.result already exists
File data2/p10_0.4_3_40_q1.result already exists
File data2/p10_0.4_3_30_q1.result already exists
File data2/p10_0.4_3_20_q1.result already exists
File data2/p10_0.3_3_40_q1.result already exists
File data2/p10_0.3_3_30_q1.result already exists
File data2/p10_0.3_3_20_q1.result already exists
File data2/p10_0.2_3_40_q1.result already exists
File data2/p10_0.2_3_30_q1.result already exists
File data2/p10_0.2_3_20_q1.result already exists
File data2/p10_0.1_3_40_q1.result already exists
File data2/p10_0.1_3_30_q1.result already exists
File data2/p10_0.1_3_20_q1.result already exists
File data2/p9_0.5_3_40_q1.result already exists
File data2/p9_0.5_3_30_q1.result already exists
File data2/p9_0.5_3_20_q1.result already exists
File data2/p9_0.4_3_40_q1.result already exists
File data2/p9_0.4_3_30_q1.result already exists
File data2/p9_0.4_3_20_q1.result already exists
File data2/p9_0.3_3_40_q1.result already exists
File data2/p9_0.3_3_30_q1.result already exists
File data2/p9_0.3_3_20_q1.result already exists
File data2/p9_0.2_3_40_q1.result already exists
File data2/p9_0.2_3_30_q1.result already exists
srun: Job step aborted: Waiting up to 32 seconds for job step to finish.
srun: got SIGCONT
slurmstepd-jupiterace: error: *** JOB 14571 ON jupiterace CANCELLED AT 2017-11-23T11:16:54 ***
srun: forcing job termination
slurmstepd-jupiterace: error: *** STEP 14571.0 ON jupiterace CANCELLED AT 2017-11-23T11:16:54 ***
