2017-11-23 11:15
File data2/p49_0.5_3_40_q1.result already exists
File data2/p49_0.5_3_30_q1.result already exists
File data2/p49_0.5_3_20_q1.result already exists
File data2/p49_0.4_3_40_q1.result already exists
File data2/p49_0.4_3_30_q1.result already exists
File data2/p49_0.4_3_20_q1.result already exists
File data2/p49_0.3_3_40_q1.result already exists
File data2/p49_0.3_3_30_q1.result already exists
File data2/p49_0.3_3_20_q1.result already exists
File data2/p49_0.2_3_40_q1.result already exists
File data2/p49_0.2_3_30_q1.result already exists
File data2/p49_0.2_3_20_q1.result already exists
File data2/p49_0.1_3_40_q1.result already exists
File data2/p49_0.1_3_30_q1.result already exists
File data2/p49_0.1_3_20_q1.result already exists
File data2/p48_0.5_3_40_q1.result already exists
File data2/p48_0.5_3_30_q1.result already exists
File data2/p48_0.5_3_20_q1.result already exists
File data2/p48_0.4_3_40_q1.result already exists
File data2/p48_0.4_3_30_q1.result already exists
File data2/p17_0.1_3_20_q1.result already exists
File data2/p16_0.5_3_40_q1.result already exists
File data2/p16_0.5_3_30_q1.result already exists
File data2/p16_0.5_3_20_q1.result already exists
File data2/p16_0.4_3_40_q1.result already exists
File data2/p16_0.4_3_30_q1.result already exists
File data2/p16_0.4_3_20_q1.result already exists
File data2/p16_0.3_3_40_q1.result already exists
File data2/p16_0.3_3_30_q1.result already exists
File data2/p16_0.3_3_20_q1.result already exists
File data2/p16_0.2_3_40_q1.result already exists
File data2/p16_0.2_3_30_q1.result already exists
File data2/p16_0.2_3_20_q1.result already exists
File data2/p16_0.1_3_40_q1.result already exists
File data2/p16_0.1_3_30_q1.result already exists
File data2/p16_0.1_3_20_q1.result already exists
File data2/p15_0.5_3_40_q1.result already exists
File data2/p15_0.5_3_30_q1.result already exists
File data2/p15_0.5_3_20_q1.result already exists
File data2/p15_0.4_3_40_q1.result already exists
File data2/p15_0.4_3_30_q1.result already exists
File data2/p15_0.4_3_20_q1.result already exists
File data2/p15_0.3_3_40_q1.result already exists
File data2/p15_0.3_3_30_q1.result already exists
File data2/p15_0.3_3_20_q1.result already exists
File data2/p15_0.2_3_40_q1.result already exists
File data2/p15_0.2_3_30_q1.result already exists
File data2/p15_0.2_3_20_q1.result already exists
File data2/p15_0.1_3_40_q1.result already exists
File data2/p15_0.1_3_30_q1.result already exists
File data2/p15_0.1_3_20_q1.result already exists
File data2/p14_0.5_3_40_q1.result already exists
File data2/p14_0.5_3_30_q1.result already exists
File data2/p14_0.5_3_20_q1.result already exists
File data2/p14_0.4_3_40_q1.result already exists
File data2/p14_0.4_3_30_q1.result already exists
File data2/p14_0.4_3_20_q1.result already exists
File data2/p14_0.3_3_40_q1.result already exists
File data2/p14_0.3_3_30_q1.result already exists
File data2/p14_0.3_3_20_q1.result already exists
File data2/p14_0.2_3_40_q1.result already exists
File data2/p14_0.2_3_30_q1.result already exists
File data2/p14_0.2_3_20_q1.result already exists
File data2/p14_0.1_3_40_q1.result already exists
File data2/p14_0.1_3_30_q1.result already exists
File data2/p14_0.1_3_20_q1.result already exists
File data2/p13_0.5_3_40_q1.result already exists
File data2/p13_0.5_3_30_q1.result already exists
File data2/p13_0.5_3_20_q1.result already exists
File data2/p13_0.4_3_40_q1.result already exists
File data2/p13_0.4_3_30_q1.result already exists
File data2/p13_0.4_3_20_q1.result already exists
File data2/p13_0.3_3_40_q1.result already exists
File data2/p13_0.3_3_30_q1.result already exists
File data2/p13_0.3_3_20_q1.result already exists
File data2/p13_0.2_3_40_q1.result already exists
File data2/p13_0.2_3_30_q1.result already exists
File data2/p13_0.2_3_20_q1.result already exists
File data2/p13_0.1_3_40_q1.result already exists
File data2/p13_0.1_3_30_q1.result already exists
File data2/p13_0.1_3_20_q1.result already exists
File data2/p12_0.5_3_40_q1.result already exists
File data2/p12_0.5_3_30_q1.result already exists
File data2/p12_0.5_3_20_q1.result already exists
File data2/p12_0.4_3_40_q1.result already exists
File data2/p12_0.4_3_30_q1.result already exists
File data2/p12_0.4_3_20_q1.result already exists
File data2/p12_0.3_3_40_q1.result already exists
File data2/p12_0.3_3_30_q1.result already exists
File data2/p12_0.3_3_20_q1.result already exists
File data2/p12_0.2_3_40_q1.result already exists
File data2/p12_0.2_3_30_q1.result already exists
File data2/p12_0.2_3_20_q1.result already exists
File data2/p12_0.1_3_40_q1.result already exists
File data2/p12_0.1_3_30_q1.result already exists
File data2/p12_0.1_3_20_q1.result already exists
File data2/p11_0.5_3_40_q1.result already exists
File data2/p11_0.5_3_30_q1.result already exists
File data2/p11_0.5_3_20_q1.result already exists
File data2/p11_0.4_3_40_q1.result already exists
File data2/p11_0.4_3_30_q1.result already exists
File data2/p11_0.4_3_20_q1.result already exists
File data2/p11_0.3_3_40_q1.result already exists
File data2/p11_0.3_3_30_q1.result already exists
File data2/p11_0.3_3_20_q1.result already exists
File data2/p11_0.2_3_40_q1.result already exists
File data2/p11_0.2_3_30_q1.result already exists
File data2/p11_0.2_3_20_q1.result already exists
File data2/p11_0.1_3_40_q1.result already exists
File data2/p11_0.1_3_30_q1.result already exists
File data2/p11_0.1_3_20_q1.result already exists
File data2/p10_0.5_3_40_q1.result already exists
File data2/p10_0.5_3_30_q1.result already exists
File data2/p10_0.5_3_20_q1.result already exists
File data2/p10_0.4_3_40_q1.result already exists
File data2/p10_0.4_3_30_q1.result already exists
File data2/p10_0.4_3_20_q1.result already exists
File data2/p10_0.3_3_40_q1.result already exists
File data2/p10_0.3_3_30_q1.result already exists
File data2/p10_0.3_3_20_q1.result already exists
File data2/p10_0.2_3_40_q1.result already exists
File data2/p10_0.2_3_30_q1.result already exists
File data2/p10_0.2_3_20_q1.result already exists
File data2/p10_0.1_3_40_q1.result already exists
File data2/p10_0.1_3_30_q1.result already exists
File data2/p10_0.1_3_20_q1.result already exists
File data2/p9_0.5_3_40_q1.result already exists
File data2/p9_0.5_3_30_q1.result already exists
File data2/p9_0.5_3_20_q1.result already exists
File data2/p9_0.4_3_40_q1.result already exists
File data2/p9_0.4_3_30_q1.result already exists
File data2/p9_0.4_3_20_q1.result already exists
File data2/p9_0.3_3_40_q1.result already exists
File data2/p9_0.3_3_30_q1.result already exists
File data2/p9_0.3_3_20_q1.result already exists
File data2/p9_0.2_3_40_q1.result already exists
File data2/p9_0.2_3_30_q1.result already exists
File data2/p9_0.2_3_20_q1.result already exists
File data2/p9_0.1_3_40_q1.result already exists
File data2/p9_0.1_3_30_q1.result already exists
File data2/p9_0.1_3_20_q1.result already exists
File data2/p8_0.5_3_40_q1.result already exists
File data2/p8_0.5_3_30_q1.result already exists
File data2/p8_0.5_3_20_q1.result already exists
File data2/p8_0.4_3_40_q1.result already exists
File data2/p8_0.4_3_30_q1.result already exists
File data2/p8_0.4_3_20_q1.result already exists
File data2/p8_0.3_3_40_q1.result already exists
File data2/p8_0.3_3_30_q1.result already exists
File data2/p8_0.3_3_20_q1.result already exists
File data2/p8_0.2_3_40_q1.result already exists
File data2/p8_0.2_3_30_q1.result already exists
File data2/p8_0.2_3_20_q1.result already exists
File data2/p8_0.1_3_40_q1.result already exists
File data2/p8_0.1_3_30_q1.result already exists
File data2/p8_0.1_3_20_q1.result already exists
File data2/p7_0.5_3_40_q1.result already exists
File data2/p7_0.5_3_30_q1.result already exists
File data2/p7_0.5_3_20_q1.result already exists
File data2/p7_0.4_3_40_q1.result already exists
File data2/p7_0.4_3_30_q1.result already exists
File data2/p7_0.4_3_20_q1.result already exists
File data2/p7_0.3_3_40_q1.result already exists
File data2/p7_0.3_3_30_q1.result already exists
File data2/p7_0.3_3_20_q1.result already exists
File data2/p7_0.2_3_40_q1.result already exists
File data2/p7_0.2_3_30_q1.result already exists
File data2/p7_0.2_3_20_q1.result already exists
File data2/p7_0.1_3_40_q1.result already exists
File data2/p7_0.1_3_30_q1.result already exists
File data2/p7_0.1_3_20_q1.result already exists
File data2/p6_0.5_3_40_q1.result already exists
File data2/p6_0.5_3_30_q1.result already exists
File data2/p6_0.5_3_20_q1.result already exists
File data2/p6_0.4_3_40_q1.result already exists
File data2/p6_0.4_3_30_q1.result already exists
File data2/p6_0.4_3_20_q1.result already exists
File data2/p6_0.3_3_40_q1.result already exists
File data2/p6_0.3_3_30_q1.result already exists
File data2/p6_0.3_3_20_q1.result already exists
File data2/p6_0.2_3_40_q1.result already exists
File data2/p6_0.2_3_30_q1.result already exists
File data2/p6_0.2_3_20_q1.result already exists
File data2/p6_0.1_3_40_q1.result already exists
File data2/p6_0.1_3_30_q1.result already exists
File data2/p6_0.1_3_20_q1.result already exists
File data2/p5_0.5_3_40_q1.result already exists
File data2/p5_0.5_3_30_q1.result already exists
File data2/p5_0.5_3_20_q1.result already exists
File data2/p5_0.4_3_40_q1.result already exists
File data2/p5_0.4_3_30_q1.result already exists
File data2/p5_0.4_3_20_q1.result already exists
File data2/p5_0.3_3_40_q1.result already exists
File data2/p5_0.3_3_30_q1.result already exists
File data2/p5_0.3_3_20_q1.result already exists
File data2/p5_0.2_3_40_q1.result already exists
File data2/p5_0.2_3_30_q1.result already exists
File data2/p5_0.2_3_20_q1.result already exists
File data2/p5_0.1_3_40_q1.result already exists
File data2/p5_0.1_3_30_q1.result already exists
File data2/p5_0.1_3_20_q1.result already exists
File data2/p4_0.5_3_40_q1.result already exists
File data2/p4_0.5_3_30_q1.result already exists
File data2/p4_0.5_3_20_q1.result already exists
File data2/p4_0.4_3_40_q1.result already exists
File data2/p4_0.4_3_30_q1.result already exists
File data2/p4_0.4_3_20_q1.result already exists
File data2/p4_0.3_3_40_q1.result already exists
File data2/p4_0.3_3_30_q1.result already exists
File data2/p4_0.3_3_20_q1.result already exists
File data2/p4_0.2_3_40_q1.result already exists
File data2/p4_0.2_3_30_q1.result already exists
File data2/p4_0.2_3_20_q1.result already exists
File data2/p4_0.1_3_40_q1.result already exists
File data2/p4_0.1_3_30_q1.result already exists
File data2/p4_0.1_3_20_q1.result already exists
File data2/p3_0.5_3_40_q1.result already exists
File data2/p3_0.5_3_30_q1.result already exists
File data2/p3_0.5_3_20_q1.result already exists
File data2/p3_0.4_3_40_q1.result already exists
File data2/p3_0.4_3_30_q1.result already exists
File data2/p3_0.4_3_20_q1.result already exists
File data2/p3_0.3_3_40_q1.result already exists
File data2/p3_0.3_3_30_q1.result already exists
File data2/p3_0.3_3_20_q1.result already exists
File data2/p3_0.2_3_40_q1.result already exists
File data2/p3_0.2_3_30_q1.result already exists
File data2/p3_0.2_3_20_q1.result already exists
File data2/p3_0.1_3_40_q1.result already exists
File data2/p3_0.1_3_30_q1.result already exists
File data2/p3_0.1_3_20_q1.result already exists
File data2/p2_0.5_3_40_q1.result already exists
File data2/p2_0.5_3_30_q1.result already exists
File data2/p2_0.5_3_20_q1.result already exists
File data2/p2_0.4_3_40_q1.result already exists
File data2/p2_0.4_3_30_q1.result already exists
File data2/p2_0.4_3_20_q1.result already exists
File data2/p2_0.3_3_40_q1.result already exists
File data2/p2_0.3_3_30_q1.result already exists
File data2/p2_0.3_3_20_q1.result already exists
File data2/p2_0.2_3_40_q1.result already exists
File data2/p2_0.2_3_30_q1.result already exists
File data2/p2_0.2_3_20_q1.result already exists
File data2/p2_0.1_3_40_q1.result already exists
File data2/p2_0.1_3_30_q1.result already exists
File data2/p2_0.1_3_20_q1.result already exists
File data2/p1_0.5_3_40_q1.result already exists
File data2/p1_0.5_3_30_q1.result already exists
File data2/p1_0.5_3_20_q1.result already exists
File data2/p1_0.4_3_40_q1.result already exists
File data2/p1_0.4_3_30_q1.result already exists
File data2/p1_0.4_3_20_q1.result already exists
File data2/p1_0.3_3_40_q1.result already exists
File data2/p1_0.3_3_30_q1.result already exists
File data2/p1_0.3_3_20_q1.result already exists
File data2/p1_0.2_3_40_q1.result already exists
File data2/p1_0.2_3_30_q1.result already exists
File data2/p1_0.2_3_20_q1.result already exists
File data2/p1_0.1_3_40_q1.result already exists
File data2/p1_0.1_3_30_q1.result already exists
File data2/p1_0.1_3_20_q1.result already exists
File data2/p0_0.5_3_40_q1.result already exists
File data2/p0_0.5_3_30_q1.result already exists
File data2/p0_0.5_3_20_q1.result already exists
File data2/p0_0.4_3_40_q1.result already exists
File data2/p0_0.4_3_30_q1.result already exists
File data2/p0_0.4_3_20_q1.result already exists
File data2/p0_0.3_3_40_q1.result already exists
File data2/p0_0.3_3_30_q1.result already exists
File data2/p0_0.3_3_20_q1.result already exists
File data2/p0_0.2_3_40_q1.result already exists
File data2/p0_0.2_3_30_q1.result already exists
File data2/p0_0.2_3_20_q1.result already exists
File data2/p0_0.1_3_40_q1.result already exists
File data2/p0_0.1_3_30_q1.result already exists
File data2/p0_0.1_3_20_q1.result already exists
Processing data2/p48_0.4_3_20_q1.model
Processing data2/p48_0.3_3_40_q1.model
Processing data2/p48_0.3_3_30_q1.model
Processing data2/p48_0.3_3_20_q1.model
Processing data2/p48_0.2_3_40_q1.model
Processing data2/p17_0.1_3_30_q1.model
Processing data2/p17_0.1_3_40_q1.model
Processing data2/p17_0.2_3_20_q1.model
Processing data2/p17_0.2_3_30_q1.model
Processing data2/p17_0.2_3_40_q1.model
Processing data2/p17_0.3_3_20_q1.model
Processing data2/p17_0.3_3_30_q1.model
Processing data2/p17_0.3_3_40_q1.model
Processing data2/p17_0.4_3_20_q1.model
Processing data2/p17_0.4_3_30_q1.model
Processing data2/p17_0.4_3_40_q1.model
Processing data2/p17_0.5_3_20_q1.model
Processing data2/p17_0.5_3_30_q1.model
Processing data2/p17_0.5_3_40_q1.model
Processing data2/p18_0.1_3_20_q1.model
Processing data2/p18_0.1_3_30_q1.model
Processing data2/p18_0.1_3_40_q1.model
Processing data2/p18_0.2_3_20_q1.model
Processing data2/p18_0.2_3_30_q1.model
Processing data2/p18_0.2_3_40_q1.model
Processing data2/p18_0.3_3_20_q1.model
Processing data2/p18_0.3_3_30_q1.model
Processing data2/p18_0.3_3_40_q1.model
Processing data2/p18_0.4_3_20_q1.model
Processing data2/p18_0.4_3_30_q1.model
Processing data2/p18_0.4_3_40_q1.model
Processing data2/p18_0.5_3_20_q1.model
Processing data2/p18_0.5_3_30_q1.model
Processing data2/p18_0.5_3_40_q1.model
Processing data2/p19_0.1_3_20_q1.model
Processing data2/p19_0.1_3_30_q1.model
Processing data2/p19_0.1_3_40_q1.model
Processing data2/p19_0.2_3_20_q1.model
Processing data2/p19_0.2_3_30_q1.model
Processing data2/p19_0.2_3_40_q1.model
Processing data2/p19_0.3_3_20_q1.model
Processing data2/p19_0.3_3_30_q1.model
Processing data2/p19_0.3_3_40_q1.model
Processing data2/p19_0.4_3_20_q1.model
Processing data2/p19_0.4_3_30_q1.model
Processing data2/p19_0.4_3_40_q1.model
Processing data2/p19_0.5_3_20_q1.model
Processing data2/p19_0.5_3_30_q1.model
Processing data2/p19_0.5_3_40_q1.model
Processing data2/p20_0.1_3_20_q1.model
Processing data2/p20_0.1_3_30_q1.model
Processing data2/p20_0.1_3_40_q1.model
Processing data2/p20_0.2_3_20_q1.model
Processing data2/p20_0.2_3_30_q1.model
Processing data2/p20_0.2_3_40_q1.model
Processing data2/p20_0.3_3_20_q1.model
Processing data2/p20_0.3_3_30_q1.model
Processing data2/p20_0.3_3_40_q1.model
Processing data2/p20_0.4_3_20_q1.model
Processing data2/p20_0.4_3_30_q1.model
Processing data2/p20_0.4_3_40_q1.model
Processing data2/p20_0.5_3_20_q1.model
Processing data2/p20_0.5_3_30_q1.model
Processing data2/p20_0.5_3_40_q1.model
Processing data2/p21_0.1_3_20_q1.model
Processing data2/p21_0.1_3_30_q1.model
Processing data2/p21_0.1_3_40_q1.model
Processing data2/p21_0.2_3_20_q1.model
Processing data2/p21_0.2_3_30_q1.model
Processing data2/p21_0.2_3_40_q1.model
Processing data2/p21_0.3_3_20_q1.model
Processing data2/p21_0.3_3_30_q1.model
Processing data2/p21_0.3_3_40_q1.model
Processing data2/p21_0.4_3_20_q1.model
Processing data2/p21_0.4_3_30_q1.model
Processing data2/p21_0.4_3_40_q1.model
Processing data2/p21_0.5_3_20_q1.model
srun: Job step aborted: Waiting up to 32 seconds for job step to finish.
srun: got SIGCONT
slurmstepd-jupiterace: error: *** JOB 14570 ON jupiterace CANCELLED AT 2017-11-23T11:16:10 ***
srun: forcing job termination
slurmstepd-jupiterace: error: *** STEP 14570.0 ON jupiterace CANCELLED AT 2017-11-23T11:16:10 ***
Processing data2/p21_0.5_3_30_q1.model